<?xml version="1.0" encoding="UTF-8"?>
<!-- Generated by org.testng.reporters.JUnitReportReporter -->
<testsuite hostname="DESKTOP-3O1JLKM" failures="0" tests="1" name="com.shophunt.testNG.MyAccountTest" time="12.949" errors="0" timestamp="2022-08-23T13:41:30 IST" skipped="0">
  <testcase classname="com.shophunt.testNG.MyAccountTest" name="createUserAccountAndVerifyAdminModule" time="12.949"/>
  <system-out/>
</testsuite> <!-- com.shophunt.testNG.MyAccountTest -->
